<?xml version="1.0" encoding="UTF-8"?>
<testng-results ignored="0" total="20" passed="20" failed="0" skipped="0">
  <reporter-output>
  </reporter-output>
  <suite started-at="2024-10-04T14:54:26 IST" name="All Test Suite" finished-at="2024-10-04T14:58:25 IST" duration-ms="239459">
    <groups>
    </groups>
    <test started-at="2024-10-04T14:54:26 IST" name="E:/Kiran/Next Wave/Projects/Mini_TestNG_Project" finished-at="2024-10-04T14:58:25 IST" duration-ms="239459">
      <class name="tests.MoviesPageTest">
        <test-method is-config="true" signature="setUp(java.lang.String)[pri:0, instance:tests.MoviesPageTest@1bab8268]" started-at="2024-10-04T14:57:21 IST" name="setUp" finished-at="2024-10-04T14:57:30 IST" duration-ms="9119" status="PASS">
          <params>
            <param index="0">
              <value>
                <![CDATA[chrome]]>
              </value>
            </param>
          </params>
          <reporter-output>
          </reporter-output>
        </test-method> <!-- setUp -->
        <test-method signature="moviesPageCheck()[pri:1, instance:tests.MoviesPageTest@1bab8268]" started-at="2024-10-04T14:57:30 IST" name="moviesPageCheck" finished-at="2024-10-04T14:57:33 IST" duration-ms="2220" status="PASS">
          <reporter-output>
          </reporter-output>
        </test-method> <!-- moviesPageCheck -->
        <test-method is-config="true" signature="tearDown()[pri:0, instance:tests.MoviesPageTest@1bab8268]" started-at="2024-10-04T14:57:33 IST" name="tearDown" finished-at="2024-10-04T14:57:33 IST" duration-ms="729" status="PASS">
          <reporter-output>
          </reporter-output>
        </test-method> <!-- tearDown -->
        <test-method is-config="true" signature="setUp(java.lang.String)[pri:0, instance:tests.MoviesPageTest@1bab8268]" started-at="2024-10-04T14:57:33 IST" name="setUp" finished-at="2024-10-04T14:57:42 IST" duration-ms="8679" status="PASS">
          <params>
            <param index="0">
              <value>
                <![CDATA[chrome]]>
              </value>
            </param>
          </params>
          <reporter-output>
          </reporter-output>
        </test-method> <!-- setUp -->
        <test-method signature="movieTitleCheck()[pri:2, instance:tests.MoviesPageTest@1bab8268]" started-at="2024-10-04T14:57:42 IST" name="movieTitleCheck" finished-at="2024-10-04T14:57:44 IST" duration-ms="1738" status="PASS">
          <reporter-output>
          </reporter-output>
        </test-method> <!-- movieTitleCheck -->
        <test-method is-config="true" signature="tearDown()[pri:0, instance:tests.MoviesPageTest@1bab8268]" started-at="2024-10-04T14:57:44 IST" name="tearDown" finished-at="2024-10-04T14:57:45 IST" duration-ms="1681" status="PASS">
          <reporter-output>
          </reporter-output>
        </test-method> <!-- tearDown -->
        <test-method is-config="true" signature="setUp(java.lang.String)[pri:0, instance:tests.MoviesPageTest@1bab8268]" started-at="2024-10-04T14:57:45 IST" name="setUp" finished-at="2024-10-04T14:57:54 IST" duration-ms="8372" status="PASS">
          <params>
            <param index="0">
              <value>
                <![CDATA[chrome]]>
              </value>
            </param>
          </params>
          <reporter-output>
          </reporter-output>
        </test-method> <!-- setUp -->
        <test-method signature="reviewSectionCheck()[pri:3, instance:tests.MoviesPageTest@1bab8268]" started-at="2024-10-04T14:57:54 IST" name="reviewSectionCheck" finished-at="2024-10-04T14:57:56 IST" duration-ms="1706" status="PASS">
          <reporter-output>
          </reporter-output>
        </test-method> <!-- reviewSectionCheck -->
        <test-method is-config="true" signature="tearDown()[pri:0, instance:tests.MoviesPageTest@1bab8268]" started-at="2024-10-04T14:57:56 IST" name="tearDown" finished-at="2024-10-04T14:57:56 IST" duration-ms="812" status="PASS">
          <reporter-output>
          </reporter-output>
        </test-method> <!-- tearDown -->
        <test-method is-config="true" signature="setUp(java.lang.String)[pri:0, instance:tests.MoviesPageTest@1bab8268]" started-at="2024-10-04T14:57:56 IST" name="setUp" finished-at="2024-10-04T14:58:05 IST" duration-ms="8140" status="PASS">
          <params>
            <param index="0">
              <value>
                <![CDATA[chrome]]>
              </value>
            </param>
          </params>
          <reporter-output>
          </reporter-output>
        </test-method> <!-- setUp -->
        <test-method signature="overViewSectionCheck()[pri:4, instance:tests.MoviesPageTest@1bab8268]" started-at="2024-10-04T14:58:05 IST" name="overViewSectionCheck" finished-at="2024-10-04T14:58:06 IST" duration-ms="1687" status="PASS">
          <reporter-output>
          </reporter-output>
        </test-method> <!-- overViewSectionCheck -->
        <test-method is-config="true" signature="tearDown()[pri:0, instance:tests.MoviesPageTest@1bab8268]" started-at="2024-10-04T14:58:06 IST" name="tearDown" finished-at="2024-10-04T14:58:07 IST" duration-ms="906" status="PASS">
          <reporter-output>
          </reporter-output>
        </test-method> <!-- tearDown -->
        <test-method is-config="true" signature="setUp(java.lang.String)[pri:0, instance:tests.MoviesPageTest@1bab8268]" started-at="2024-10-04T14:58:07 IST" name="setUp" finished-at="2024-10-04T14:58:14 IST" duration-ms="6692" status="PASS">
          <params>
            <param index="0">
              <value>
                <![CDATA[chrome]]>
              </value>
            </param>
          </params>
          <reporter-output>
          </reporter-output>
        </test-method> <!-- setUp -->
        <test-method signature="playButtonCheck()[pri:5, instance:tests.MoviesPageTest@1bab8268]" started-at="2024-10-04T14:58:14 IST" name="playButtonCheck" finished-at="2024-10-04T14:58:15 IST" duration-ms="1182" status="PASS">
          <reporter-output>
          </reporter-output>
        </test-method> <!-- playButtonCheck -->
        <test-method is-config="true" signature="tearDown()[pri:0, instance:tests.MoviesPageTest@1bab8268]" started-at="2024-10-04T14:58:15 IST" name="tearDown" finished-at="2024-10-04T14:58:16 IST" duration-ms="741" status="PASS">
          <reporter-output>
          </reporter-output>
        </test-method> <!-- tearDown -->
      </class> <!-- tests.MoviesPageTest -->
      <class name="tests.PopularPageTest">
        <test-method is-config="true" signature="setUp(java.lang.String)[pri:0, instance:tests.PopularPageTest@a307a8c]" started-at="2024-10-04T14:58:16 IST" name="setUp" finished-at="2024-10-04T14:58:23 IST" duration-ms="7280" status="PASS">
          <params>
            <param index="0">
              <value>
                <![CDATA[chrome]]>
              </value>
            </param>
          </params>
          <reporter-output>
          </reporter-output>
        </test-method> <!-- setUp -->
        <test-method signature="moviesDisplayStatus()[pri:1, instance:tests.PopularPageTest@a307a8c]" started-at="2024-10-04T14:58:23 IST" name="moviesDisplayStatus" finished-at="2024-10-04T14:58:24 IST" duration-ms="925" status="PASS">
          <reporter-output>
          </reporter-output>
        </test-method> <!-- moviesDisplayStatus -->
        <test-method is-config="true" signature="tearDown()[pri:0, instance:tests.PopularPageTest@a307a8c]" started-at="2024-10-04T14:58:24 IST" name="tearDown" finished-at="2024-10-04T14:58:25 IST" duration-ms="1061" status="PASS">
          <reporter-output>
          </reporter-output>
        </test-method> <!-- tearDown -->
      </class> <!-- tests.PopularPageTest -->
      <class name="tests.HomePageTest">
        <test-method is-config="true" signature="setUp(java.lang.String)[pri:0, instance:tests.HomePageTest@6986852]" started-at="2024-10-04T14:56:34 IST" name="setUp" finished-at="2024-10-04T14:56:40 IST" duration-ms="5781" status="PASS">
          <params>
            <param index="0">
              <value>
                <![CDATA[chrome]]>
              </value>
            </param>
          </params>
          <reporter-output>
          </reporter-output>
        </test-method> <!-- setUp -->
        <test-method signature="isHomePageElementsDisplayed()[pri:1, instance:tests.HomePageTest@6986852]" started-at="2024-10-04T14:56:40 IST" name="isHomePageElementsDisplayed" finished-at="2024-10-04T14:56:41 IST" duration-ms="1499" status="PASS">
          <reporter-output>
          </reporter-output>
        </test-method> <!-- isHomePageElementsDisplayed -->
        <test-method is-config="true" signature="tearDown()[pri:0, instance:tests.HomePageTest@6986852]" started-at="2024-10-04T14:56:41 IST" name="tearDown" finished-at="2024-10-04T14:56:42 IST" duration-ms="752" status="PASS">
          <reporter-output>
          </reporter-output>
        </test-method> <!-- tearDown -->
        <test-method is-config="true" signature="setUp(java.lang.String)[pri:0, instance:tests.HomePageTest@6986852]" started-at="2024-10-04T14:56:42 IST" name="setUp" finished-at="2024-10-04T14:56:50 IST" duration-ms="8230" status="PASS">
          <params>
            <param index="0">
              <value>
                <![CDATA[chrome]]>
              </value>
            </param>
          </params>
          <reporter-output>
          </reporter-output>
        </test-method> <!-- setUp -->
        <test-method signature="popularPageLinkCheck()[pri:2, instance:tests.HomePageTest@6986852]" started-at="2024-10-04T14:56:50 IST" name="popularPageLinkCheck" finished-at="2024-10-04T14:56:51 IST" duration-ms="1161" status="PASS">
          <reporter-output>
          </reporter-output>
        </test-method> <!-- popularPageLinkCheck -->
        <test-method is-config="true" signature="tearDown()[pri:0, instance:tests.HomePageTest@6986852]" started-at="2024-10-04T14:56:51 IST" name="tearDown" finished-at="2024-10-04T14:56:52 IST" duration-ms="781" status="PASS">
          <reporter-output>
          </reporter-output>
        </test-method> <!-- tearDown -->
        <test-method is-config="true" signature="setUp(java.lang.String)[pri:0, instance:tests.HomePageTest@6986852]" started-at="2024-10-04T14:56:52 IST" name="setUp" finished-at="2024-10-04T14:56:59 IST" duration-ms="7397" status="PASS">
          <params>
            <param index="0">
              <value>
                <![CDATA[chrome]]>
              </value>
            </param>
          </params>
          <reporter-output>
          </reporter-output>
        </test-method> <!-- setUp -->
        <test-method signature="accountsPageLinkCheck()[pri:3, instance:tests.HomePageTest@6986852]" started-at="2024-10-04T14:56:59 IST" name="accountsPageLinkCheck" finished-at="2024-10-04T14:57:01 IST" duration-ms="1191" status="PASS">
          <reporter-output>
          </reporter-output>
        </test-method> <!-- accountsPageLinkCheck -->
        <test-method is-config="true" signature="tearDown()[pri:0, instance:tests.HomePageTest@6986852]" started-at="2024-10-04T14:57:01 IST" name="tearDown" finished-at="2024-10-04T14:57:01 IST" duration-ms="740" status="PASS">
          <reporter-output>
          </reporter-output>
        </test-method> <!-- tearDown -->
        <test-method is-config="true" signature="setUp(java.lang.String)[pri:0, instance:tests.HomePageTest@6986852]" started-at="2024-10-04T14:57:01 IST" name="setUp" finished-at="2024-10-04T14:57:07 IST" duration-ms="5897" status="PASS">
          <params>
            <param index="0">
              <value>
                <![CDATA[chrome]]>
              </value>
            </param>
          </params>
          <reporter-output>
          </reporter-output>
        </test-method> <!-- setUp -->
        <test-method signature="homePageLinkCheck()[pri:4, instance:tests.HomePageTest@6986852]" started-at="2024-10-04T14:57:07 IST" name="homePageLinkCheck" finished-at="2024-10-04T14:57:08 IST" duration-ms="1167" status="PASS">
          <reporter-output>
          </reporter-output>
        </test-method> <!-- homePageLinkCheck -->
        <test-method is-config="true" signature="tearDown()[pri:0, instance:tests.HomePageTest@6986852]" started-at="2024-10-04T14:57:08 IST" name="tearDown" finished-at="2024-10-04T14:57:09 IST" duration-ms="754" status="PASS">
          <reporter-output>
          </reporter-output>
        </test-method> <!-- tearDown -->
        <test-method is-config="true" signature="setUp(java.lang.String)[pri:0, instance:tests.HomePageTest@6986852]" started-at="2024-10-04T14:57:09 IST" name="setUp" finished-at="2024-10-04T14:57:16 IST" duration-ms="6498" status="PASS">
          <params>
            <param index="0">
              <value>
                <![CDATA[chrome]]>
              </value>
            </param>
          </params>
          <reporter-output>
          </reporter-output>
        </test-method> <!-- setUp -->
        <test-method signature="searchForAMovie()[pri:5, instance:tests.HomePageTest@6986852]" started-at="2024-10-04T14:57:16 IST" name="searchForAMovie" finished-at="2024-10-04T14:57:20 IST" duration-ms="4698" status="PASS">
          <reporter-output>
          </reporter-output>
        </test-method> <!-- searchForAMovie -->
        <test-method is-config="true" signature="tearDown()[pri:0, instance:tests.HomePageTest@6986852]" started-at="2024-10-04T14:57:20 IST" name="tearDown" finished-at="2024-10-04T14:57:21 IST" duration-ms="909" status="PASS">
          <reporter-output>
          </reporter-output>
        </test-method> <!-- tearDown -->
      </class> <!-- tests.HomePageTest -->
      <class name="tests.AccountsPageTest">
        <test-method is-config="true" signature="setUp(java.lang.String)[pri:0, instance:tests.AccountsPageTest@1acaf3d]" started-at="2024-10-04T14:56:10 IST" name="setUp" finished-at="2024-10-04T14:56:22 IST" duration-ms="11876" status="PASS">
          <params>
            <param index="0">
              <value>
                <![CDATA[chrome]]>
              </value>
            </param>
          </params>
          <reporter-output>
          </reporter-output>
        </test-method> <!-- setUp -->
        <test-method signature="isAccountPageElementsDisplayed()[pri:1, instance:tests.AccountsPageTest@1acaf3d]" started-at="2024-10-04T14:56:22 IST" name="isAccountPageElementsDisplayed" description="Verify that all account-related elements are displayed on the Accounts Page" finished-at="2024-10-04T14:56:22 IST" duration-ms="263" status="PASS">
          <reporter-output>
          </reporter-output>
        </test-method> <!-- isAccountPageElementsDisplayed -->
        <test-method is-config="true" signature="tearDown()[pri:0, instance:tests.AccountsPageTest@1acaf3d]" started-at="2024-10-04T14:56:22 IST" name="tearDown" finished-at="2024-10-04T14:56:24 IST" duration-ms="1610" status="PASS">
          <reporter-output>
          </reporter-output>
        </test-method> <!-- tearDown -->
        <test-method is-config="true" signature="setUp(java.lang.String)[pri:0, instance:tests.AccountsPageTest@1acaf3d]" started-at="2024-10-04T14:56:24 IST" name="setUp" finished-at="2024-10-04T14:56:33 IST" duration-ms="9191" status="PASS">
          <params>
            <param index="0">
              <value>
                <![CDATA[chrome]]>
              </value>
            </param>
          </params>
          <reporter-output>
          </reporter-output>
        </test-method> <!-- setUp -->
        <test-method signature="logoutFunctionality()[pri:2, instance:tests.AccountsPageTest@1acaf3d]" started-at="2024-10-04T14:56:33 IST" name="logoutFunctionality" description="Test the logout functionality and ensure redirection to the login page" finished-at="2024-10-04T14:56:33 IST" duration-ms="101" status="PASS">
          <reporter-output>
          </reporter-output>
        </test-method> <!-- logoutFunctionality -->
        <test-method is-config="true" signature="tearDown()[pri:0, instance:tests.AccountsPageTest@1acaf3d]" started-at="2024-10-04T14:56:33 IST" name="tearDown" finished-at="2024-10-04T14:56:34 IST" duration-ms="737" status="PASS">
          <reporter-output>
          </reporter-output>
        </test-method> <!-- tearDown -->
      </class> <!-- tests.AccountsPageTest -->
      <class name="tests.LoginPageTest">
        <test-method is-config="true" signature="setUp(java.lang.String)[pri:0, instance:tests.LoginPageTest@4fa1c212]" started-at="2024-10-04T14:54:26 IST" name="setUp" finished-at="2024-10-04T14:54:55 IST" duration-ms="29062" status="PASS">
          <params>
            <param index="0">
              <value>
                <![CDATA[chrome]]>
              </value>
            </param>
          </params>
          <reporter-output>
          </reporter-output>
        </test-method> <!-- setUp -->
        <test-method signature="loginPageElementsStatus()[pri:1, instance:tests.LoginPageTest@4fa1c212]" started-at="2024-10-04T14:54:55 IST" name="loginPageElementsStatus" finished-at="2024-10-04T14:54:59 IST" duration-ms="4613" status="PASS">
          <reporter-output>
          </reporter-output>
        </test-method> <!-- loginPageElementsStatus -->
        <test-method is-config="true" signature="tearDown()[pri:0, instance:tests.LoginPageTest@4fa1c212]" started-at="2024-10-04T14:54:59 IST" name="tearDown" finished-at="2024-10-04T14:55:03 IST" duration-ms="3718" status="PASS">
          <reporter-output>
          </reporter-output>
        </test-method> <!-- tearDown -->
        <test-method is-config="true" signature="setUp(java.lang.String)[pri:0, instance:tests.LoginPageTest@4fa1c212]" started-at="2024-10-04T14:55:03 IST" name="setUp" finished-at="2024-10-04T14:55:06 IST" duration-ms="3067" status="PASS">
          <params>
            <param index="0">
              <value>
                <![CDATA[chrome]]>
              </value>
            </param>
          </params>
          <reporter-output>
          </reporter-output>
        </test-method> <!-- setUp -->
        <test-method signature="welcome()[pri:2, instance:tests.LoginPageTest@4fa1c212]" started-at="2024-10-04T14:55:06 IST" name="welcome" finished-at="2024-10-04T14:55:14 IST" duration-ms="7706" status="PASS">
          <reporter-output>
          </reporter-output>
        </test-method> <!-- welcome -->
        <test-method is-config="true" signature="tearDown()[pri:0, instance:tests.LoginPageTest@4fa1c212]" started-at="2024-10-04T14:55:14 IST" name="tearDown" finished-at="2024-10-04T14:55:15 IST" duration-ms="709" status="PASS">
          <reporter-output>
          </reporter-output>
        </test-method> <!-- tearDown -->
        <test-method is-config="true" signature="setUp(java.lang.String)[pri:0, instance:tests.LoginPageTest@4fa1c212]" started-at="2024-10-04T14:55:15 IST" name="setUp" finished-at="2024-10-04T14:55:17 IST" duration-ms="2108" status="PASS">
          <params>
            <param index="0">
              <value>
                <![CDATA[chrome]]>
              </value>
            </param>
          </params>
          <reporter-output>
          </reporter-output>
        </test-method> <!-- setUp -->
        <test-method signature="loginError(java.lang.String,java.lang.String)[pri:3, instance:tests.LoginPageTest@4fa1c212]" started-at="2024-10-04T14:55:17 IST" name="loginError" data-provider="loginData" finished-at="2024-10-04T14:55:25 IST" duration-ms="7750" status="PASS">
          <params>
            <param index="0">
              <value>
                <![CDATA[rahul]]>
              </value>
            </param>
            <param index="1">
              <value>
                <![CDATA[rahul@2022]]>
              </value>
            </param>
          </params>
          <reporter-output>
          </reporter-output>
        </test-method> <!-- loginError -->
        <test-method is-config="true" signature="tearDown()[pri:0, instance:tests.LoginPageTest@4fa1c212]" started-at="2024-10-04T14:55:25 IST" name="tearDown" finished-at="2024-10-04T14:55:26 IST" duration-ms="757" status="PASS">
          <reporter-output>
          </reporter-output>
        </test-method> <!-- tearDown -->
        <test-method is-config="true" signature="setUp(java.lang.String)[pri:0, instance:tests.LoginPageTest@4fa1c212]" started-at="2024-10-04T14:55:26 IST" name="setUp" finished-at="2024-10-04T14:55:27 IST" duration-ms="1686" status="PASS">
          <params>
            <param index="0">
              <value>
                <![CDATA[chrome]]>
              </value>
            </param>
          </params>
          <reporter-output>
          </reporter-output>
        </test-method> <!-- setUp -->
        <test-method signature="loginError(java.lang.String,java.lang.String)[pri:3, instance:tests.LoginPageTest@4fa1c212]" started-at="2024-10-04T14:55:27 IST" name="loginError" data-provider="loginData" finished-at="2024-10-04T14:55:43 IST" duration-ms="15839" status="PASS">
          <params>
            <param index="0">
              <value>
                <![CDATA[rahu]]>
              </value>
            </param>
            <param index="1">
              <value>
                <![CDATA[rahul@2021]]>
              </value>
            </param>
          </params>
          <reporter-output>
          </reporter-output>
        </test-method> <!-- loginError -->
        <test-method is-config="true" signature="tearDown()[pri:0, instance:tests.LoginPageTest@4fa1c212]" started-at="2024-10-04T14:55:43 IST" name="tearDown" finished-at="2024-10-04T14:55:44 IST" duration-ms="738" status="PASS">
          <reporter-output>
          </reporter-output>
        </test-method> <!-- tearDown -->
        <test-method is-config="true" signature="setUp(java.lang.String)[pri:0, instance:tests.LoginPageTest@4fa1c212]" started-at="2024-10-04T14:55:44 IST" name="setUp" finished-at="2024-10-04T14:55:46 IST" duration-ms="2320" status="PASS">
          <params>
            <param index="0">
              <value>
                <![CDATA[chrome]]>
              </value>
            </param>
          </params>
          <reporter-output>
          </reporter-output>
        </test-method> <!-- setUp -->
        <test-method signature="loginError(java.lang.String,java.lang.String)[pri:3, instance:tests.LoginPageTest@4fa1c212]" started-at="2024-10-04T14:55:46 IST" name="loginError" data-provider="loginData" finished-at="2024-10-04T14:55:54 IST" duration-ms="8120" status="PASS">
          <params>
            <param index="0">
              <value>
                <![CDATA[]]>
              </value>
            </param>
            <param index="1">
              <value>
                <![CDATA[rahul@2021]]>
              </value>
            </param>
          </params>
          <reporter-output>
          </reporter-output>
        </test-method> <!-- loginError -->
        <test-method is-config="true" signature="tearDown()[pri:0, instance:tests.LoginPageTest@4fa1c212]" started-at="2024-10-04T14:55:54 IST" name="tearDown" finished-at="2024-10-04T14:55:55 IST" duration-ms="707" status="PASS">
          <reporter-output>
          </reporter-output>
        </test-method> <!-- tearDown -->
        <test-method is-config="true" signature="setUp(java.lang.String)[pri:0, instance:tests.LoginPageTest@4fa1c212]" started-at="2024-10-04T14:55:55 IST" name="setUp" finished-at="2024-10-04T14:55:57 IST" duration-ms="2311" status="PASS">
          <params>
            <param index="0">
              <value>
                <![CDATA[chrome]]>
              </value>
            </param>
          </params>
          <reporter-output>
          </reporter-output>
        </test-method> <!-- setUp -->
        <test-method signature="loginError(java.lang.String,java.lang.String)[pri:3, instance:tests.LoginPageTest@4fa1c212]" started-at="2024-10-04T14:55:57 IST" name="loginError" data-provider="loginData" finished-at="2024-10-04T14:56:02 IST" duration-ms="4625" status="PASS">
          <params>
            <param index="0">
              <value>
                <![CDATA[rahul]]>
              </value>
            </param>
            <param index="1">
              <value>
                <![CDATA[]]>
              </value>
            </param>
          </params>
          <reporter-output>
          </reporter-output>
        </test-method> <!-- loginError -->
        <test-method is-config="true" signature="tearDown()[pri:0, instance:tests.LoginPageTest@4fa1c212]" started-at="2024-10-04T14:56:02 IST" name="tearDown" finished-at="2024-10-04T14:56:03 IST" duration-ms="707" status="PASS">
          <reporter-output>
          </reporter-output>
        </test-method> <!-- tearDown -->
        <test-method is-config="true" signature="setUp(java.lang.String)[pri:0, instance:tests.LoginPageTest@4fa1c212]" started-at="2024-10-04T14:56:03 IST" name="setUp" finished-at="2024-10-04T14:56:05 IST" duration-ms="2053" status="PASS">
          <params>
            <param index="0">
              <value>
                <![CDATA[chrome]]>
              </value>
            </param>
          </params>
          <reporter-output>
          </reporter-output>
        </test-method> <!-- setUp -->
        <test-method signature="loginError(java.lang.String,java.lang.String)[pri:3, instance:tests.LoginPageTest@4fa1c212]" started-at="2024-10-04T14:56:05 IST" name="loginError" data-provider="loginData" finished-at="2024-10-04T14:56:09 IST" duration-ms="4377" status="PASS">
          <params>
            <param index="0">
              <value>
                <![CDATA[]]>
              </value>
            </param>
            <param index="1">
              <value>
                <![CDATA[]]>
              </value>
            </param>
          </params>
          <reporter-output>
          </reporter-output>
        </test-method> <!-- loginError -->
        <test-method is-config="true" signature="tearDown()[pri:0, instance:tests.LoginPageTest@4fa1c212]" started-at="2024-10-04T14:56:09 IST" name="tearDown" finished-at="2024-10-04T14:56:10 IST" duration-ms="822" status="PASS">
          <reporter-output>
          </reporter-output>
        </test-method> <!-- tearDown -->
      </class> <!-- tests.LoginPageTest -->
    </test> <!-- E:/Kiran/Next Wave/Projects/Mini_TestNG_Project -->
  </suite> <!-- All Test Suite -->
</testng-results>
